<?xml version="1.0" encoding="UTF-8"?>
<!-- Generated by org.testng.reporters.JUnitReportReporter -->
<testsuite skipped="0" hostname="pc205592" name="api.GoogleMapsDeleteLocationAPI" tests="1" failures="0" timestamp="09 Apr 2018 14:46:45 GMT" time="3.165" errors="0">
  <testcase name="deleteLocationFromMap" time="3.165" classname="api.GoogleMapsDeleteLocationAPI"/>
</testsuite> <!-- api.GoogleMapsDeleteLocationAPI -->
