<?xml version="1.0" encoding="UTF-8"?>
<!-- Generated by org.testng.reporters.JUnitReportReporter -->
<testsuite skipped="0" hostname="pc205592" name="api.GoogleMapsAddLocationAPI" tests="1" failures="0" timestamp="09 Apr 2018 14:46:45 GMT" time="4.970" errors="0">
  <testcase name="addLocationOnMap" time="4.970" classname="api.GoogleMapsAddLocationAPI"/>
</testsuite> <!-- api.GoogleMapsAddLocationAPI -->
